2022-01-07T22:00:59.316210Z 0 [Warning] TIMESTAMP with implicit DEFAULT value is deprecated. Please use --explicit_defaults_for_timestamp server option (see documentation for more details).
2022-01-07T22:00:59.317536Z 0 [Note] --secure-file-priv is set to NULL. Operations related to importing and exporting data are disabled
2022-01-07T22:00:59.319887Z 0 [ERROR] Cannot open Windows EventLog; check privileges, or start server with --log_syslog=0
2022-01-07T22:00:59.319965Z 0 [Note] C:\MAMP\\bin\mysql\bin\mysqld.exe (mysqld 5.7.24) starting as process 18992 ...
2022-01-07T22:00:59.376263Z 0 [Warning] You need to use --log-bin to make --binlog-format work.
2022-01-07T22:00:59.384365Z 0 [Note] InnoDB: Mutexes and rw_locks use Windows interlocked functions
2022-01-07T22:00:59.386882Z 0 [Note] InnoDB: Uses event mutexes
2022-01-07T22:00:59.388678Z 0 [Note] InnoDB: Memory barrier is not used
2022-01-07T22:00:59.390387Z 0 [Note] InnoDB: Compressed tables use zlib 1.2.11
2022-01-07T22:00:59.392853Z 0 [Note] InnoDB: Number of pools: 1
2022-01-07T22:00:59.395656Z 0 [Note] InnoDB: Not using CPU crc32 instructions
2022-01-07T22:00:59.403777Z 0 [Note] InnoDB: Initializing buffer pool, total size = 128M, instances = 1, chunk size = 128M
2022-01-07T22:00:59.419288Z 0 [Note] InnoDB: Completed initialization of buffer pool
2022-01-07T22:00:59.501091Z 0 [Note] InnoDB: Highest supported file format is Barracuda.
2022-01-07T22:00:59.634640Z 0 [Note] InnoDB: Creating shared tablespace for temporary tables
2022-01-07T22:00:59.639087Z 0 [Note] InnoDB: Setting file '.\ibtmp1' size to 12 MB. Physically writing the file full; Please wait ...
2022-01-07T22:00:59.663176Z 0 [Note] InnoDB: File '.\ibtmp1' size is now 12 MB.
2022-01-07T22:00:59.670273Z 0 [Note] InnoDB: 96 redo rollback segment(s) found. 96 redo rollback segment(s) are active.
2022-01-07T22:00:59.674949Z 0 [Note] InnoDB: 32 non-redo rollback segment(s) are active.
2022-01-07T22:00:59.678857Z 0 [Note] InnoDB: Waiting for purge to start
2022-01-07T22:00:59.746715Z 0 [Note] InnoDB: 5.7.24 started; log sequence number 2589209
2022-01-07T22:00:59.750722Z 0 [Note] InnoDB: Loading buffer pool(s) from C:\MAMP\db\mysql\ib_buffer_pool
2022-01-07T22:00:59.750855Z 0 [Note] Plugin 'FEDERATED' is disabled.
2022-01-07T22:00:59.778360Z 0 [Warning] InnoDB: Table mysql/innodb_table_stats has length mismatch in the column name table_name.  Please run mysql_upgrade
2022-01-07T22:00:59.783873Z 0 [Warning] InnoDB: Table mysql/innodb_index_stats has length mismatch in the column name table_name.  Please run mysql_upgrade
2022-01-07T22:00:59.811748Z 0 [Warning] Failed to set up SSL because of the following SSL library error: SSL context is not usable without certificate and private key
2022-01-07T22:00:59.817988Z 0 [Note] Server hostname (bind-address): '*'; port: 3306
2022-01-07T22:00:59.822110Z 0 [Note] IPv6 is available.
2022-01-07T22:00:59.823840Z 0 [Note]   - '::' resolves to '::';
2022-01-07T22:00:59.825892Z 0 [Note] Server socket created on IP: '::'.
2022-01-07T22:00:59.849851Z 0 [Note] InnoDB: Buffer pool(s) load completed at 220107 17:00:59
2022-01-07T22:00:59.934198Z 0 [Note] Failed to start slave threads for channel ''
2022-01-07T22:01:00.108624Z 0 [Note] Event Scheduler: Loaded 0 events
2022-01-07T22:01:00.111672Z 0 [Note] C:\MAMP\\bin\mysql\bin\mysqld.exe: ready for connections.
Version: '5.7.24'  socket: ''  port: 3306  MySQL Community Server (GPL)
2022-01-07T22:01:01.227927Z 2 [Note] Access denied for user 'root'@'localhost' (using password: NO)
2022-01-07T22:03:07.767378Z 18 [Warning] InnoDB: Table mysql/innodb_table_stats has length mismatch in the column name table_name.  Please run mysql_upgrade
2022-01-07T22:03:07.773293Z 18 [Warning] InnoDB: Table mysql/innodb_index_stats has length mismatch in the column name table_name.  Please run mysql_upgrade
2022-01-07T22:03:07.779148Z 18 [Warning] InnoDB: Table mysql/innodb_table_stats has length mismatch in the column name table_name.  Please run mysql_upgrade
2022-01-07T22:03:07.784853Z 18 [Warning] InnoDB: Table mysql/innodb_index_stats has length mismatch in the column name table_name.  Please run mysql_upgrade
2022-01-07T22:03:07.791824Z 18 [Warning] InnoDB: Table mysql/innodb_table_stats has length mismatch in the column name table_name.  Please run mysql_upgrade
2022-01-07T22:03:07.798640Z 18 [Warning] InnoDB: Table mysql/innodb_index_stats has length mismatch in the column name table_name.  Please run mysql_upgrade
2022-01-07T22:03:07.805141Z 18 [Warning] InnoDB: Table mysql/innodb_table_stats has length mismatch in the column name table_name.  Please run mysql_upgrade
2022-01-07T22:03:07.811566Z 18 [Warning] InnoDB: Table mysql/innodb_index_stats has length mismatch in the column name table_name.  Please run mysql_upgrade
2022-01-07T22:03:07.817653Z 18 [Warning] InnoDB: Table mysql/innodb_table_stats has length mismatch in the column name table_name.  Please run mysql_upgrade
2022-01-07T22:03:07.823450Z 18 [Warning] InnoDB: Table mysql/innodb_index_stats has length mismatch in the column name table_name.  Please run mysql_upgrade
2022-01-07T22:03:07.871392Z 18 [Warning] InnoDB: Table mysql/innodb_table_stats has length mismatch in the column name table_name.  Please run mysql_upgrade
2022-01-07T22:03:07.877575Z 18 [Warning] InnoDB: Table mysql/innodb_index_stats has length mismatch in the column name table_name.  Please run mysql_upgrade
2022-01-07T22:03:07.891045Z 0 [Warning] InnoDB: Table mysql/innodb_table_stats has length mismatch in the column name table_name.  Please run mysql_upgrade
2022-01-07T22:03:07.896950Z 0 [Warning] InnoDB: Table mysql/innodb_index_stats has length mismatch in the column name table_name.  Please run mysql_upgrade
2022-01-07T22:03:07.902926Z 0 [Warning] InnoDB: Table mysql/innodb_table_stats has length mismatch in the column name table_name.  Please run mysql_upgrade
2022-01-07T22:03:07.910293Z 0 [Warning] InnoDB: Table mysql/innodb_index_stats has length mismatch in the column name table_name.  Please run mysql_upgrade
2022-01-07T22:03:07.918986Z 0 [Warning] InnoDB: Table mysql/innodb_table_stats has length mismatch in the column name table_name.  Please run mysql_upgrade
2022-01-07T22:03:07.925620Z 0 [Warning] InnoDB: Table mysql/innodb_index_stats has length mismatch in the column name table_name.  Please run mysql_upgrade
2022-01-07T22:03:07.934683Z 0 [Warning] InnoDB: Table mysql/innodb_table_stats has length mismatch in the column name table_name.  Please run mysql_upgrade
2022-01-07T22:03:07.946062Z 0 [Warning] InnoDB: Table mysql/innodb_index_stats has length mismatch in the column name table_name.  Please run mysql_upgrade
2022-01-07T22:03:07.953924Z 0 [Warning] InnoDB: Table mysql/innodb_table_stats has length mismatch in the column name table_name.  Please run mysql_upgrade
2022-01-07T22:03:07.961467Z 0 [Warning] InnoDB: Table mysql/innodb_index_stats has length mismatch in the column name table_name.  Please run mysql_upgrade
2022-01-07T22:03:08.285513Z 18 [Warning] InnoDB: Table mysql/innodb_table_stats has length mismatch in the column name table_name.  Please run mysql_upgrade
2022-01-07T22:03:08.289368Z 18 [Warning] InnoDB: Table mysql/innodb_index_stats has length mismatch in the column name table_name.  Please run mysql_upgrade
2022-01-07T22:03:08.293649Z 18 [Warning] InnoDB: Table mysql/innodb_table_stats has length mismatch in the column name table_name.  Please run mysql_upgrade
2022-01-07T22:03:08.300043Z 18 [Warning] InnoDB: Table mysql/innodb_index_stats has length mismatch in the column name table_name.  Please run mysql_upgrade
2022-01-07T22:03:08.308506Z 18 [Warning] InnoDB: Table mysql/innodb_table_stats has length mismatch in the column name table_name.  Please run mysql_upgrade
2022-01-07T22:03:08.314882Z 18 [Warning] InnoDB: Table mysql/innodb_index_stats has length mismatch in the column name table_name.  Please run mysql_upgrade
2022-01-07T22:03:08.320506Z 18 [Warning] InnoDB: Table mysql/innodb_table_stats has length mismatch in the column name table_name.  Please run mysql_upgrade
2022-01-07T22:03:08.325970Z 18 [Warning] InnoDB: Table mysql/innodb_index_stats has length mismatch in the column name table_name.  Please run mysql_upgrade
2022-01-07T22:03:08.333934Z 18 [Warning] InnoDB: Table mysql/innodb_table_stats has length mismatch in the column name table_name.  Please run mysql_upgrade
2022-01-07T22:03:08.337585Z 18 [Warning] InnoDB: Table mysql/innodb_index_stats has length mismatch in the column name table_name.  Please run mysql_upgrade
2022-01-07T22:03:08.341183Z 18 [Warning] InnoDB: Table mysql/innodb_table_stats has length mismatch in the column name table_name.  Please run mysql_upgrade
2022-01-07T22:03:08.345218Z 18 [Warning] InnoDB: Table mysql/innodb_index_stats has length mismatch in the column name table_name.  Please run mysql_upgrade
2022-01-07T22:03:08.351440Z 18 [Warning] InnoDB: Table mysql/innodb_table_stats has length mismatch in the column name table_name.  Please run mysql_upgrade
2022-01-07T22:03:08.355581Z 18 [Warning] InnoDB: Table mysql/innodb_index_stats has length mismatch in the column name table_name.  Please run mysql_upgrade
2022-01-07T22:03:08.360463Z 18 [Warning] InnoDB: Table mysql/innodb_table_stats has length mismatch in the column name table_name.  Please run mysql_upgrade
2022-01-07T22:03:08.366538Z 18 [Warning] InnoDB: Table mysql/innodb_index_stats has length mismatch in the column name table_name.  Please run mysql_upgrade
2022-01-07T22:03:08.372376Z 18 [Warning] InnoDB: Table mysql/innodb_table_stats has length mismatch in the column name table_name.  Please run mysql_upgrade
2022-01-07T22:03:08.377440Z 18 [Warning] InnoDB: Table mysql/innodb_index_stats has length mismatch in the column name table_name.  Please run mysql_upgrade
2022-01-07T22:03:08.387474Z 18 [Warning] InnoDB: Table mysql/innodb_table_stats has length mismatch in the column name table_name.  Please run mysql_upgrade
2022-01-07T22:03:08.391220Z 18 [Warning] InnoDB: Table mysql/innodb_index_stats has length mismatch in the column name table_name.  Please run mysql_upgrade
2022-01-07T23:12:23.928589Z 0 [Note] InnoDB: page_cleaner: 1000ms intended loop took 4137113ms. The settings might not be optimal. (flushed=0 and evicted=0, during the time.)
2022-01-07T23:34:13.271653Z 38 [Note] Got packets out of order
2022-01-07T23:34:14.425738Z 39 [Note] Got packets out of order
2022-01-07T23:34:19.680955Z 40 [Note] Got packets out of order
2022-01-07T23:41:13.932322Z 57 [Note] Got an error reading communication packets
2022-01-07T23:41:14.286903Z 58 [Note] Got an error reading communication packets
2022-01-07T23:41:14.622114Z 59 [Note] Got an error reading communication packets
2022-01-07T23:41:14.972435Z 60 [Note] Got an error reading communication packets
2022-01-07T23:41:15.324201Z 61 [Note] Got an error reading communication packets
2022-01-07T23:41:15.654018Z 62 [Note] Got an error reading communication packets
2022-01-07T23:41:15.739630Z 0 [Note] C:\MAMP\\bin\mysql\bin\mysqld.exe: Normal shutdown

2022-01-07T23:41:15.743111Z 0 [Note] Giving 0 client threads a chance to die gracefully
2022-01-07T23:41:15.745741Z 0 [Note] Shutting down slave threads
2022-01-07T23:41:15.748007Z 0 [Note] Forcefully disconnecting 0 remaining clients
2022-01-07T23:41:15.751098Z 0 [Note] Event Scheduler: Purging the queue. 0 events
2022-01-07T23:41:15.753870Z 0 [Note] Binlog end
2022-01-07T23:41:15.756972Z 0 [Note] Shutting down plugin 'ngram'
2022-01-07T23:41:15.758988Z 0 [Note] Shutting down plugin 'partition'
2022-01-07T23:41:15.760780Z 0 [Note] Shutting down plugin 'BLACKHOLE'
2022-01-07T23:41:15.762580Z 0 [Note] Shutting down plugin 'ARCHIVE'
2022-01-07T23:41:15.764288Z 0 [Note] Shutting down plugin 'PERFORMANCE_SCHEMA'
2022-01-07T23:41:15.766391Z 0 [Note] Shutting down plugin 'MRG_MYISAM'
2022-01-07T23:41:15.768135Z 0 [Note] Shutting down plugin 'MyISAM'
2022-01-07T23:41:15.769895Z 0 [Note] Shutting down plugin 'INNODB_SYS_VIRTUAL'
2022-01-07T23:41:15.772124Z 0 [Note] Shutting down plugin 'INNODB_SYS_DATAFILES'
2022-01-07T23:41:15.774423Z 0 [Note] Shutting down plugin 'INNODB_SYS_TABLESPACES'
2022-01-07T23:41:15.776458Z 0 [Note] Shutting down plugin 'INNODB_SYS_FOREIGN_COLS'
2022-01-07T23:41:15.778618Z 0 [Note] Shutting down plugin 'INNODB_SYS_FOREIGN'
2022-01-07T23:41:15.780608Z 0 [Note] Shutting down plugin 'INNODB_SYS_FIELDS'
2022-01-07T23:41:15.782583Z 0 [Note] Shutting down plugin 'INNODB_SYS_COLUMNS'
2022-01-07T23:41:15.784550Z 0 [Note] Shutting down plugin 'INNODB_SYS_INDEXES'
2022-01-07T23:41:15.786676Z 0 [Note] Shutting down plugin 'INNODB_SYS_TABLESTATS'
2022-01-07T23:41:15.788888Z 0 [Note] Shutting down plugin 'INNODB_SYS_TABLES'
2022-01-07T23:41:15.791814Z 0 [Note] Shutting down plugin 'INNODB_FT_INDEX_TABLE'
2022-01-07T23:41:15.794528Z 0 [Note] Shutting down plugin 'INNODB_FT_INDEX_CACHE'
2022-01-07T23:41:15.796752Z 0 [Note] Shutting down plugin 'INNODB_FT_CONFIG'
2022-01-07T23:41:15.798664Z 0 [Note] Shutting down plugin 'INNODB_FT_BEING_DELETED'
2022-01-07T23:41:15.800708Z 0 [Note] Shutting down plugin 'INNODB_FT_DELETED'
2022-01-07T23:41:15.802606Z 0 [Note] Shutting down plugin 'INNODB_FT_DEFAULT_STOPWORD'
2022-01-07T23:41:15.805038Z 0 [Note] Shutting down plugin 'INNODB_METRICS'
2022-01-07T23:41:15.807997Z 0 [Note] Shutting down plugin 'INNODB_TEMP_TABLE_INFO'
2022-01-07T23:41:15.812252Z 0 [Note] Shutting down plugin 'INNODB_BUFFER_POOL_STATS'
2022-01-07T23:41:15.814934Z 0 [Note] Shutting down plugin 'INNODB_BUFFER_PAGE_LRU'
2022-01-07T23:41:15.817791Z 0 [Note] Shutting down plugin 'INNODB_BUFFER_PAGE'
2022-01-07T23:41:15.820282Z 0 [Note] Shutting down plugin 'INNODB_CMP_PER_INDEX_RESET'
2022-01-07T23:41:15.823530Z 0 [Note] Shutting down plugin 'INNODB_CMP_PER_INDEX'
2022-01-07T23:41:15.826766Z 0 [Note] Shutting down plugin 'INNODB_CMPMEM_RESET'
2022-01-07T23:41:15.829381Z 0 [Note] Shutting down plugin 'INNODB_CMPMEM'
2022-01-07T23:41:15.831847Z 0 [Note] Shutting down plugin 'INNODB_CMP_RESET'
2022-01-07T23:41:15.834521Z 0 [Note] Shutting down plugin 'INNODB_CMP'
2022-01-07T23:41:15.837059Z 0 [Note] Shutting down plugin 'INNODB_LOCK_WAITS'
2022-01-07T23:41:15.839618Z 0 [Note] Shutting down plugin 'INNODB_LOCKS'
2022-01-07T23:41:15.842152Z 0 [Note] Shutting down plugin 'INNODB_TRX'
2022-01-07T23:41:15.844439Z 0 [Note] Shutting down plugin 'InnoDB'
2022-01-07T23:41:15.846944Z 0 [Note] InnoDB: FTS optimize thread exiting.
2022-01-07T23:41:15.849760Z 0 [Note] InnoDB: Starting shutdown...
2022-01-07T23:41:15.962203Z 0 [Note] InnoDB: Dumping buffer pool(s) to C:\MAMP\db\mysql\ib_buffer_pool
2022-01-07T23:41:15.986486Z 0 [Note] InnoDB: Buffer pool(s) dump completed at 220107 18:41:15
2022-01-07T23:41:16.993048Z 0 [Note] InnoDB: Shutdown completed; log sequence number 2608458
2022-01-07T23:41:17.000589Z 0 [Note] InnoDB: Removed temporary tablespace data file: "ibtmp1"
2022-01-07T23:41:17.006849Z 0 [Note] Shutting down plugin 'MEMORY'
2022-01-07T23:41:17.011037Z 0 [Note] Shutting down plugin 'CSV'
2022-01-07T23:41:17.016055Z 0 [Note] Shutting down plugin 'sha256_password'
2022-01-07T23:41:17.020960Z 0 [Note] Shutting down plugin 'mysql_native_password'
2022-01-07T23:41:17.026641Z 0 [Note] Shutting down plugin 'binlog'
2022-01-07T23:41:17.037342Z 0 [Note] C:\MAMP\\bin\mysql\bin\mysqld.exe: Shutdown complete

2022-01-07T23:41:56.747573Z 0 [Warning] TIMESTAMP with implicit DEFAULT value is deprecated. Please use --explicit_defaults_for_timestamp server option (see documentation for more details).
2022-01-07T23:41:56.747790Z 0 [Note] --secure-file-priv is set to NULL. Operations related to importing and exporting data are disabled
2022-01-07T23:41:56.750394Z 0 [ERROR] Cannot open Windows EventLog; check privileges, or start server with --log_syslog=0
2022-01-07T23:41:56.750477Z 0 [Note] C:\MAMP\\bin\mysql\bin\mysqld.exe (mysqld 5.7.24) starting as process 17616 ...
2022-01-07T23:41:56.784699Z 0 [Warning] You need to use --log-bin to make --binlog-format work.
2022-01-07T23:41:56.790180Z 0 [Note] InnoDB: Mutexes and rw_locks use Windows interlocked functions
2022-01-07T23:41:56.792537Z 0 [Note] InnoDB: Uses event mutexes
2022-01-07T23:41:56.794047Z 0 [Note] InnoDB: Memory barrier is not used
2022-01-07T23:41:56.795858Z 0 [Note] InnoDB: Compressed tables use zlib 1.2.11
2022-01-07T23:41:56.798295Z 0 [Note] InnoDB: Number of pools: 1
2022-01-07T23:41:56.800017Z 0 [Note] InnoDB: Not using CPU crc32 instructions
2022-01-07T23:41:56.807317Z 0 [Note] InnoDB: Initializing buffer pool, total size = 128M, instances = 1, chunk size = 128M
2022-01-07T23:41:56.823280Z 0 [Note] InnoDB: Completed initialization of buffer pool
2022-01-07T23:41:56.879842Z 0 [Note] InnoDB: Highest supported file format is Barracuda.
2022-01-07T23:41:57.039742Z 0 [Note] InnoDB: Creating shared tablespace for temporary tables
2022-01-07T23:41:57.043829Z 0 [Note] InnoDB: Setting file '.\ibtmp1' size to 12 MB. Physically writing the file full; Please wait ...
2022-01-07T23:41:57.070140Z 0 [Note] InnoDB: File '.\ibtmp1' size is now 12 MB.
2022-01-07T23:41:57.077067Z 0 [Note] InnoDB: 96 redo rollback segment(s) found. 96 redo rollback segment(s) are active.
2022-01-07T23:41:57.080794Z 0 [Note] InnoDB: 32 non-redo rollback segment(s) are active.
2022-01-07T23:41:57.084874Z 0 [Note] InnoDB: Waiting for purge to start
2022-01-07T23:41:57.142616Z 0 [Note] InnoDB: 5.7.24 started; log sequence number 2608458
2022-01-07T23:41:57.146092Z 0 [Note] InnoDB: Loading buffer pool(s) from C:\MAMP\db\mysql\ib_buffer_pool
2022-01-07T23:41:57.146174Z 0 [Note] Plugin 'FEDERATED' is disabled.
2022-01-07T23:41:57.177112Z 0 [Warning] InnoDB: Table mysql/innodb_table_stats has length mismatch in the column name table_name.  Please run mysql_upgrade
2022-01-07T23:41:57.182958Z 0 [Warning] InnoDB: Table mysql/innodb_index_stats has length mismatch in the column name table_name.  Please run mysql_upgrade
2022-01-07T23:41:57.216640Z 0 [Warning] Failed to set up SSL because of the following SSL library error: SSL context is not usable without certificate and private key
2022-01-07T23:41:57.222467Z 0 [Note] Server hostname (bind-address): '*'; port: 8889
2022-01-07T23:41:57.227101Z 0 [Note] IPv6 is available.
2022-01-07T23:41:57.228828Z 0 [Note]   - '::' resolves to '::';
2022-01-07T23:41:57.230890Z 0 [Note] Server socket created on IP: '::'.
2022-01-07T23:41:57.242639Z 0 [Note] InnoDB: Buffer pool(s) load completed at 220107 18:41:57
2022-01-07T23:41:57.340176Z 0 [Note] Failed to start slave threads for channel ''
2022-01-07T23:41:57.606222Z 0 [Note] Event Scheduler: Loaded 0 events
2022-01-07T23:41:57.611696Z 0 [Note] C:\MAMP\\bin\mysql\bin\mysqld.exe: ready for connections.
Version: '5.7.24'  socket: ''  port: 8889  MySQL Community Server (GPL)
2022-01-07T23:41:57.649508Z 3 [Note] Got an error reading communication packets
2022-01-07T23:41:57.650071Z 2 [Note] Got an error reading communication packets
2022-01-07T23:46:11.212466Z 0 [Note] C:\MAMP\\bin\mysql\bin\mysqld.exe: Normal shutdown

2022-01-07T23:46:11.219875Z 0 [Note] Giving 0 client threads a chance to die gracefully
2022-01-07T23:46:11.228298Z 0 [Note] Shutting down slave threads
2022-01-07T23:46:11.235682Z 0 [Note] Forcefully disconnecting 0 remaining clients
2022-01-07T23:46:11.244714Z 0 [Note] Event Scheduler: Purging the queue. 0 events
2022-01-07T23:46:11.251050Z 0 [Note] Binlog end
2022-01-07T23:46:11.256386Z 0 [Note] Shutting down plugin 'ngram'
2022-01-07T23:46:11.261091Z 0 [Note] Shutting down plugin 'partition'
2022-01-07T23:46:11.265169Z 0 [Note] Shutting down plugin 'BLACKHOLE'
2022-01-07T23:46:11.270680Z 0 [Note] Shutting down plugin 'ARCHIVE'
2022-01-07T23:46:11.276391Z 0 [Note] Shutting down plugin 'PERFORMANCE_SCHEMA'
2022-01-07T23:46:11.281859Z 0 [Note] Shutting down plugin 'MRG_MYISAM'
2022-01-07T23:46:11.287335Z 0 [Note] Shutting down plugin 'MyISAM'
2022-01-07T23:46:11.291594Z 0 [Note] Shutting down plugin 'INNODB_SYS_VIRTUAL'
2022-01-07T23:46:11.296878Z 0 [Note] Shutting down plugin 'INNODB_SYS_DATAFILES'
2022-01-07T23:46:11.303932Z 0 [Note] Shutting down plugin 'INNODB_SYS_TABLESPACES'
2022-01-07T23:46:11.309647Z 0 [Note] Shutting down plugin 'INNODB_SYS_FOREIGN_COLS'
2022-01-07T23:46:11.321481Z 0 [Note] Shutting down plugin 'INNODB_SYS_FOREIGN'
2022-01-07T23:46:11.330929Z 0 [Note] Shutting down plugin 'INNODB_SYS_FIELDS'
2022-01-07T23:46:11.338113Z 0 [Note] Shutting down plugin 'INNODB_SYS_COLUMNS'
2022-01-07T23:46:11.344184Z 0 [Note] Shutting down plugin 'INNODB_SYS_INDEXES'
2022-01-07T23:46:11.349299Z 0 [Note] Shutting down plugin 'INNODB_SYS_TABLESTATS'
2022-01-07T23:46:11.355079Z 0 [Note] Shutting down plugin 'INNODB_SYS_TABLES'
2022-01-07T23:46:11.362045Z 0 [Note] Shutting down plugin 'INNODB_FT_INDEX_TABLE'
2022-01-07T23:46:11.367245Z 0 [Note] Shutting down plugin 'INNODB_FT_INDEX_CACHE'
2022-01-07T23:46:11.372679Z 0 [Note] Shutting down plugin 'INNODB_FT_CONFIG'
2022-01-07T23:46:11.378829Z 0 [Note] Shutting down plugin 'INNODB_FT_BEING_DELETED'
2022-01-07T23:46:11.384197Z 0 [Note] Shutting down plugin 'INNODB_FT_DELETED'
2022-01-07T23:46:11.388910Z 0 [Note] Shutting down plugin 'INNODB_FT_DEFAULT_STOPWORD'
2022-01-07T23:46:11.395917Z 0 [Note] Shutting down plugin 'INNODB_METRICS'
2022-01-07T23:46:11.400475Z 0 [Note] Shutting down plugin 'INNODB_TEMP_TABLE_INFO'
2022-01-07T23:46:11.405675Z 0 [Note] Shutting down plugin 'INNODB_BUFFER_POOL_STATS'
2022-01-07T23:46:11.411677Z 0 [Note] Shutting down plugin 'INNODB_BUFFER_PAGE_LRU'
2022-01-07T23:46:11.416648Z 0 [Note] Shutting down plugin 'INNODB_BUFFER_PAGE'
2022-01-07T23:46:11.421680Z 0 [Note] Shutting down plugin 'INNODB_CMP_PER_INDEX_RESET'
2022-01-07T23:46:11.427683Z 0 [Note] Shutting down plugin 'INNODB_CMP_PER_INDEX'
2022-01-07T23:46:11.432448Z 0 [Note] Shutting down plugin 'INNODB_CMPMEM_RESET'
2022-01-07T23:46:11.435893Z 0 [Note] Shutting down plugin 'INNODB_CMPMEM'
2022-01-07T23:46:11.439990Z 0 [Note] Shutting down plugin 'INNODB_CMP_RESET'
2022-01-07T23:46:11.443696Z 0 [Note] Shutting down plugin 'INNODB_CMP'
2022-01-07T23:46:11.446023Z 0 [Note] Shutting down plugin 'INNODB_LOCK_WAITS'
2022-01-07T23:46:11.448760Z 0 [Note] Shutting down plugin 'INNODB_LOCKS'
2022-01-07T23:46:11.451245Z 0 [Note] Shutting down plugin 'INNODB_TRX'
2022-01-07T23:46:11.453434Z 0 [Note] Shutting down plugin 'InnoDB'
2022-01-07T23:46:11.456514Z 0 [Note] InnoDB: FTS optimize thread exiting.
2022-01-07T23:46:11.459006Z 0 [Note] InnoDB: Starting shutdown...
2022-01-07T23:46:11.564390Z 0 [Note] InnoDB: Dumping buffer pool(s) to C:\MAMP\db\mysql\ib_buffer_pool
2022-01-07T23:46:11.573439Z 0 [Note] InnoDB: Buffer pool(s) dump completed at 220107 18:46:11
2022-01-07T23:46:12.265618Z 0 [Note] InnoDB: Shutdown completed; log sequence number 2608486
2022-01-07T23:46:12.273785Z 0 [Note] InnoDB: Removed temporary tablespace data file: "ibtmp1"
2022-01-07T23:46:12.280568Z 0 [Note] Shutting down plugin 'MEMORY'
2022-01-07T23:46:12.285351Z 0 [Note] Shutting down plugin 'CSV'
2022-01-07T23:46:12.290965Z 0 [Note] Shutting down plugin 'sha256_password'
2022-01-07T23:46:12.295696Z 0 [Note] Shutting down plugin 'mysql_native_password'
2022-01-07T23:46:12.301057Z 0 [Note] Shutting down plugin 'binlog'
2022-01-07T23:46:12.311739Z 0 [Note] C:\MAMP\\bin\mysql\bin\mysqld.exe: Shutdown complete

2022-01-07T23:46:22.424722Z 0 [Warning] TIMESTAMP with implicit DEFAULT value is deprecated. Please use --explicit_defaults_for_timestamp server option (see documentation for more details).
2022-01-07T23:46:22.424866Z 0 [Note] --secure-file-priv is set to NULL. Operations related to importing and exporting data are disabled
2022-01-07T23:46:22.426679Z 0 [ERROR] Cannot open Windows EventLog; check privileges, or start server with --log_syslog=0
2022-01-07T23:46:22.426743Z 0 [Note] C:\MAMP\\bin\mysql\bin\mysqld.exe (mysqld 5.7.24) starting as process 23364 ...
2022-01-07T23:46:22.458740Z 0 [Warning] You need to use --log-bin to make --binlog-format work.
2022-01-07T23:46:22.465393Z 0 [Note] InnoDB: Mutexes and rw_locks use Windows interlocked functions
2022-01-07T23:46:22.468629Z 0 [Note] InnoDB: Uses event mutexes
2022-01-07T23:46:22.470400Z 0 [Note] InnoDB: Memory barrier is not used
2022-01-07T23:46:22.472719Z 0 [Note] InnoDB: Compressed tables use zlib 1.2.11
2022-01-07T23:46:22.476172Z 0 [Note] InnoDB: Number of pools: 1
2022-01-07T23:46:22.478492Z 0 [Note] InnoDB: Not using CPU crc32 instructions
2022-01-07T23:46:22.486881Z 0 [Note] InnoDB: Initializing buffer pool, total size = 128M, instances = 1, chunk size = 128M
2022-01-07T23:46:22.502713Z 0 [Note] InnoDB: Completed initialization of buffer pool
2022-01-07T23:46:22.552157Z 0 [Note] InnoDB: Highest supported file format is Barracuda.
2022-01-07T23:46:22.692092Z 0 [Note] InnoDB: Creating shared tablespace for temporary tables
2022-01-07T23:46:22.695835Z 0 [Note] InnoDB: Setting file '.\ibtmp1' size to 12 MB. Physically writing the file full; Please wait ...
2022-01-07T23:46:22.721646Z 0 [Note] InnoDB: File '.\ibtmp1' size is now 12 MB.
2022-01-07T23:46:22.729217Z 0 [Note] InnoDB: 96 redo rollback segment(s) found. 96 redo rollback segment(s) are active.
2022-01-07T23:46:22.733040Z 0 [Note] InnoDB: 32 non-redo rollback segment(s) are active.
2022-01-07T23:46:22.736334Z 0 [Note] InnoDB: Waiting for purge to start
2022-01-07T23:46:22.792435Z 0 [Note] InnoDB: 5.7.24 started; log sequence number 2608486
2022-01-07T23:46:22.795326Z 0 [Note] InnoDB: Loading buffer pool(s) from C:\MAMP\db\mysql\ib_buffer_pool
2022-01-07T23:46:22.795333Z 0 [Note] Plugin 'FEDERATED' is disabled.
2022-01-07T23:46:22.810224Z 0 [Warning] InnoDB: Table mysql/innodb_table_stats has length mismatch in the column name table_name.  Please run mysql_upgrade
2022-01-07T23:46:22.813953Z 0 [Warning] InnoDB: Table mysql/innodb_index_stats has length mismatch in the column name table_name.  Please run mysql_upgrade
2022-01-07T23:46:22.836593Z 0 [Warning] Failed to set up SSL because of the following SSL library error: SSL context is not usable without certificate and private key
2022-01-07T23:46:22.843068Z 0 [Note] Server hostname (bind-address): '*'; port: 8889
2022-01-07T23:46:22.846694Z 0 [Note] IPv6 is available.
2022-01-07T23:46:22.848062Z 0 [Note]   - '::' resolves to '::';
2022-01-07T23:46:22.849664Z 0 [Note] Server socket created on IP: '::'.
2022-01-07T23:46:22.862205Z 0 [Note] InnoDB: Buffer pool(s) load completed at 220107 18:46:22
2022-01-07T23:46:22.936558Z 0 [Note] Failed to start slave threads for channel ''
2022-01-07T23:46:23.091272Z 0 [Note] Event Scheduler: Loaded 0 events
2022-01-07T23:46:23.095171Z 0 [Note] C:\MAMP\\bin\mysql\bin\mysqld.exe: ready for connections.
Version: '5.7.24'  socket: ''  port: 8889  MySQL Community Server (GPL)
2022-01-07T23:46:23.111415Z 3 [Note] Got an error reading communication packets
2022-01-07T23:46:23.111577Z 2 [Note] Got an error reading communication packets
2022-01-07T23:46:27.886706Z 4 [Note] Got an error reading communication packets
2022-01-07T23:46:28.096697Z 0 [Note] C:\MAMP\\bin\mysql\bin\mysqld.exe: Normal shutdown

2022-01-07T23:46:28.101586Z 0 [Note] Giving 0 client threads a chance to die gracefully
2022-01-07T23:46:28.105045Z 0 [Note] Shutting down slave threads
2022-01-07T23:46:28.107895Z 0 [Note] Forcefully disconnecting 0 remaining clients
2022-01-07T23:46:28.110457Z 0 [Note] Event Scheduler: Purging the queue. 0 events
2022-01-07T23:46:28.113354Z 0 [Note] Binlog end
2022-01-07T23:46:28.115487Z 0 [Note] Shutting down plugin 'ngram'
2022-01-07T23:46:28.117442Z 0 [Note] Shutting down plugin 'partition'
2022-01-07T23:46:28.119370Z 0 [Note] Shutting down plugin 'BLACKHOLE'
2022-01-07T23:46:28.120999Z 0 [Note] Shutting down plugin 'ARCHIVE'
2022-01-07T23:46:28.123108Z 0 [Note] Shutting down plugin 'PERFORMANCE_SCHEMA'
2022-01-07T23:46:28.124996Z 0 [Note] Shutting down plugin 'MRG_MYISAM'
2022-01-07T23:46:28.127238Z 0 [Note] Shutting down plugin 'MyISAM'
2022-01-07T23:46:28.128812Z 0 [Note] Shutting down plugin 'INNODB_SYS_VIRTUAL'
2022-01-07T23:46:28.130759Z 0 [Note] Shutting down plugin 'INNODB_SYS_DATAFILES'
2022-01-07T23:46:28.132838Z 0 [Note] Shutting down plugin 'INNODB_SYS_TABLESPACES'
2022-01-07T23:46:28.134742Z 0 [Note] Shutting down plugin 'INNODB_SYS_FOREIGN_COLS'
2022-01-07T23:46:28.136712Z 0 [Note] Shutting down plugin 'INNODB_SYS_FOREIGN'
2022-01-07T23:46:28.138631Z 0 [Note] Shutting down plugin 'INNODB_SYS_FIELDS'
2022-01-07T23:46:28.140662Z 0 [Note] Shutting down plugin 'INNODB_SYS_COLUMNS'
2022-01-07T23:46:28.143315Z 0 [Note] Shutting down plugin 'INNODB_SYS_INDEXES'
2022-01-07T23:46:28.145613Z 0 [Note] Shutting down plugin 'INNODB_SYS_TABLESTATS'
2022-01-07T23:46:28.147604Z 0 [Note] Shutting down plugin 'INNODB_SYS_TABLES'
2022-01-07T23:46:28.149512Z 0 [Note] Shutting down plugin 'INNODB_FT_INDEX_TABLE'
2022-01-07T23:46:28.151426Z 0 [Note] Shutting down plugin 'INNODB_FT_INDEX_CACHE'
2022-01-07T23:46:28.153350Z 0 [Note] Shutting down plugin 'INNODB_FT_CONFIG'
2022-01-07T23:46:28.155315Z 0 [Note] Shutting down plugin 'INNODB_FT_BEING_DELETED'
2022-01-07T23:46:28.157506Z 0 [Note] Shutting down plugin 'INNODB_FT_DELETED'
2022-01-07T23:46:28.159800Z 0 [Note] Shutting down plugin 'INNODB_FT_DEFAULT_STOPWORD'
2022-01-07T23:46:28.162684Z 0 [Note] Shutting down plugin 'INNODB_METRICS'
2022-01-07T23:46:28.165126Z 0 [Note] Shutting down plugin 'INNODB_TEMP_TABLE_INFO'
2022-01-07T23:46:28.167163Z 0 [Note] Shutting down plugin 'INNODB_BUFFER_POOL_STATS'
2022-01-07T23:46:28.169137Z 0 [Note] Shutting down plugin 'INNODB_BUFFER_PAGE_LRU'
2022-01-07T23:46:28.171070Z 0 [Note] Shutting down plugin 'INNODB_BUFFER_PAGE'
2022-01-07T23:46:28.172946Z 0 [Note] Shutting down plugin 'INNODB_CMP_PER_INDEX_RESET'
2022-01-07T23:46:28.175178Z 0 [Note] Shutting down plugin 'INNODB_CMP_PER_INDEX'
2022-01-07T23:46:28.177136Z 0 [Note] Shutting down plugin 'INNODB_CMPMEM_RESET'
2022-01-07T23:46:28.179025Z 0 [Note] Shutting down plugin 'INNODB_CMPMEM'
2022-01-07T23:46:28.180733Z 0 [Note] Shutting down plugin 'INNODB_CMP_RESET'
2022-01-07T23:46:28.182507Z 0 [Note] Shutting down plugin 'INNODB_CMP'
2022-01-07T23:46:28.184153Z 0 [Note] Shutting down plugin 'INNODB_LOCK_WAITS'
2022-01-07T23:46:28.186049Z 0 [Note] Shutting down plugin 'INNODB_LOCKS'
2022-01-07T23:46:28.187817Z 0 [Note] Shutting down plugin 'INNODB_TRX'
2022-01-07T23:46:28.190046Z 0 [Note] Shutting down plugin 'InnoDB'
2022-01-07T23:46:28.192302Z 0 [Note] InnoDB: FTS optimize thread exiting.
2022-01-07T23:46:28.195200Z 0 [Note] InnoDB: Starting shutdown...
2022-01-07T23:46:28.305095Z 0 [Note] InnoDB: Dumping buffer pool(s) to C:\MAMP\db\mysql\ib_buffer_pool
2022-01-07T23:46:28.324843Z 0 [Note] InnoDB: Buffer pool(s) dump completed at 220107 18:46:28
2022-01-07T23:46:29.212034Z 0 [Note] InnoDB: Shutdown completed; log sequence number 2608514
2022-01-07T23:46:29.219771Z 0 [Note] InnoDB: Removed temporary tablespace data file: "ibtmp1"
2022-01-07T23:46:29.226503Z 0 [Note] Shutting down plugin 'MEMORY'
2022-01-07T23:46:29.231320Z 0 [Note] Shutting down plugin 'CSV'
2022-01-07T23:46:29.235129Z 0 [Note] Shutting down plugin 'sha256_password'
2022-01-07T23:46:29.239927Z 0 [Note] Shutting down plugin 'mysql_native_password'
2022-01-07T23:46:29.244948Z 0 [Note] Shutting down plugin 'binlog'
2022-01-07T23:46:29.256554Z 0 [Note] C:\MAMP\\bin\mysql\bin\mysqld.exe: Shutdown complete

2022-01-07T23:46:36.270700Z 0 [Warning] TIMESTAMP with implicit DEFAULT value is deprecated. Please use --explicit_defaults_for_timestamp server option (see documentation for more details).
2022-01-07T23:46:36.270865Z 0 [Note] --secure-file-priv is set to NULL. Operations related to importing and exporting data are disabled
2022-01-07T23:46:36.272443Z 0 [ERROR] Cannot open Windows EventLog; check privileges, or start server with --log_syslog=0
2022-01-07T23:46:36.272505Z 0 [Note] C:\MAMP\\bin\mysql\bin\mysqld.exe (mysqld 5.7.24) starting as process 18980 ...
2022-01-07T23:46:36.304226Z 0 [Warning] You need to use --log-bin to make --binlog-format work.
2022-01-07T23:46:36.311054Z 0 [Note] InnoDB: Mutexes and rw_locks use Windows interlocked functions
2022-01-07T23:46:36.315098Z 0 [Note] InnoDB: Uses event mutexes
2022-01-07T23:46:36.316795Z 0 [Note] InnoDB: Memory barrier is not used
2022-01-07T23:46:36.318595Z 0 [Note] InnoDB: Compressed tables use zlib 1.2.11
2022-01-07T23:46:36.321297Z 0 [Note] InnoDB: Number of pools: 1
2022-01-07T23:46:36.323199Z 0 [Note] InnoDB: Not using CPU crc32 instructions
2022-01-07T23:46:36.332178Z 0 [Note] InnoDB: Initializing buffer pool, total size = 128M, instances = 1, chunk size = 128M
2022-01-07T23:46:36.347514Z 0 [Note] InnoDB: Completed initialization of buffer pool
2022-01-07T23:46:36.407340Z 0 [Note] InnoDB: Highest supported file format is Barracuda.
2022-01-07T23:46:36.527624Z 0 [Note] InnoDB: Creating shared tablespace for temporary tables
2022-01-07T23:46:36.530999Z 0 [Note] InnoDB: Setting file '.\ibtmp1' size to 12 MB. Physically writing the file full; Please wait ...
2022-01-07T23:46:36.550011Z 0 [Note] InnoDB: File '.\ibtmp1' size is now 12 MB.
2022-01-07T23:46:36.555041Z 0 [Note] InnoDB: 96 redo rollback segment(s) found. 96 redo rollback segment(s) are active.
2022-01-07T23:46:36.557817Z 0 [Note] InnoDB: 32 non-redo rollback segment(s) are active.
2022-01-07T23:46:36.560586Z 0 [Note] InnoDB: Waiting for purge to start
2022-01-07T23:46:36.613850Z 0 [Note] InnoDB: 5.7.24 started; log sequence number 2608514
2022-01-07T23:46:36.617463Z 0 [Note] Plugin 'FEDERATED' is disabled.
2022-01-07T23:46:36.617487Z 0 [Note] InnoDB: Loading buffer pool(s) from C:\MAMP\db\mysql\ib_buffer_pool
2022-01-07T23:46:36.637943Z 0 [Warning] InnoDB: Table mysql/innodb_table_stats has length mismatch in the column name table_name.  Please run mysql_upgrade
2022-01-07T23:46:36.642994Z 0 [Warning] InnoDB: Table mysql/innodb_index_stats has length mismatch in the column name table_name.  Please run mysql_upgrade
2022-01-07T23:46:36.671878Z 0 [Warning] Failed to set up SSL because of the following SSL library error: SSL context is not usable without certificate and private key
2022-01-07T23:46:36.677675Z 0 [Note] Server hostname (bind-address): '*'; port: 8889
2022-01-07T23:46:36.682647Z 0 [Note] IPv6 is available.
2022-01-07T23:46:36.684396Z 0 [Note]   - '::' resolves to '::';
2022-01-07T23:46:36.686786Z 0 [Note] Server socket created on IP: '::'.
2022-01-07T23:46:36.705144Z 0 [Note] InnoDB: Buffer pool(s) load completed at 220107 18:46:36
2022-01-07T23:46:36.817719Z 0 [Note] Failed to start slave threads for channel ''
2022-01-07T23:46:37.039896Z 0 [Note] Event Scheduler: Loaded 0 events
2022-01-07T23:46:37.042745Z 0 [Note] C:\MAMP\\bin\mysql\bin\mysqld.exe: ready for connections.
Version: '5.7.24'  socket: ''  port: 8889  MySQL Community Server (GPL)
2022-01-07T23:46:37.061218Z 2 [Note] Got an error reading communication packets
2022-01-07T23:47:39.405243Z 13 [Note] Got packets out of order
2022-01-07T23:47:40.605200Z 14 [Note] Got packets out of order
2022-01-07T23:47:45.771107Z 15 [Note] Got packets out of order
2022-01-07T23:47:58.732161Z 16 [Note] Got packets out of order
2022-01-07T23:47:59.894577Z 17 [Note] Got packets out of order
2022-01-07T23:48:05.049414Z 18 [Note] Got packets out of order
2022-01-07T23:49:43.220142Z 0 [Note] C:\MAMP\\bin\mysql\bin\mysqld.exe: Normal shutdown

2022-01-07T23:49:43.229153Z 0 [Note] Giving 0 client threads a chance to die gracefully
2022-01-07T23:49:43.237353Z 0 [Note] Shutting down slave threads
2022-01-07T23:49:43.244294Z 0 [Note] Forcefully disconnecting 0 remaining clients
2022-01-07T23:49:43.252442Z 0 [Note] Event Scheduler: Purging the queue. 0 events
2022-01-07T23:49:43.259552Z 0 [Note] Binlog end
2022-01-07T23:49:43.267923Z 0 [Note] Shutting down plugin 'ngram'
2022-01-07T23:49:43.272713Z 0 [Note] Shutting down plugin 'partition'
2022-01-07T23:49:43.279076Z 0 [Note] Shutting down plugin 'BLACKHOLE'
2022-01-07T23:49:43.283409Z 0 [Note] Shutting down plugin 'ARCHIVE'
2022-01-07T23:49:43.287615Z 0 [Note] Shutting down plugin 'PERFORMANCE_SCHEMA'
2022-01-07T23:49:43.292552Z 0 [Note] Shutting down plugin 'MRG_MYISAM'
2022-01-07T23:49:43.300858Z 0 [Note] Shutting down plugin 'MyISAM'
2022-01-07T23:49:43.306445Z 0 [Note] Shutting down plugin 'INNODB_SYS_VIRTUAL'
2022-01-07T23:49:43.312378Z 0 [Note] Shutting down plugin 'INNODB_SYS_DATAFILES'
2022-01-07T23:49:43.317349Z 0 [Note] Shutting down plugin 'INNODB_SYS_TABLESPACES'
2022-01-07T23:49:43.324643Z 0 [Note] Shutting down plugin 'INNODB_SYS_FOREIGN_COLS'
2022-01-07T23:49:43.331176Z 0 [Note] Shutting down plugin 'INNODB_SYS_FOREIGN'
2022-01-07T23:49:43.338193Z 0 [Note] Shutting down plugin 'INNODB_SYS_FIELDS'
2022-01-07T23:49:43.345204Z 0 [Note] Shutting down plugin 'INNODB_SYS_COLUMNS'
2022-01-07T23:49:43.351867Z 0 [Note] Shutting down plugin 'INNODB_SYS_INDEXES'
2022-01-07T23:49:43.357133Z 0 [Note] Shutting down plugin 'INNODB_SYS_TABLESTATS'
2022-01-07T23:49:43.362654Z 0 [Note] Shutting down plugin 'INNODB_SYS_TABLES'
2022-01-07T23:49:43.369319Z 0 [Note] Shutting down plugin 'INNODB_FT_INDEX_TABLE'
2022-01-07T23:49:43.376989Z 0 [Note] Shutting down plugin 'INNODB_FT_INDEX_CACHE'
2022-01-07T23:49:43.383585Z 0 [Note] Shutting down plugin 'INNODB_FT_CONFIG'
2022-01-07T23:49:43.392413Z 0 [Note] Shutting down plugin 'INNODB_FT_BEING_DELETED'
2022-01-07T23:49:43.403509Z 0 [Note] Shutting down plugin 'INNODB_FT_DELETED'
2022-01-07T23:49:43.416086Z 0 [Note] Shutting down plugin 'INNODB_FT_DEFAULT_STOPWORD'
2022-01-07T23:49:43.428913Z 0 [Note] Shutting down plugin 'INNODB_METRICS'
2022-01-07T23:49:43.435748Z 0 [Note] Shutting down plugin 'INNODB_TEMP_TABLE_INFO'
2022-01-07T23:49:43.444914Z 0 [Note] Shutting down plugin 'INNODB_BUFFER_POOL_STATS'
2022-01-07T23:49:43.452630Z 0 [Note] Shutting down plugin 'INNODB_BUFFER_PAGE_LRU'
2022-01-07T23:49:43.460655Z 0 [Note] Shutting down plugin 'INNODB_BUFFER_PAGE'
2022-01-07T23:49:43.466277Z 0 [Note] Shutting down plugin 'INNODB_CMP_PER_INDEX_RESET'
2022-01-07T23:49:43.475874Z 0 [Note] Shutting down plugin 'INNODB_CMP_PER_INDEX'
2022-01-07T23:49:43.482345Z 0 [Note] Shutting down plugin 'INNODB_CMPMEM_RESET'
2022-01-07T23:49:43.489295Z 0 [Note] Shutting down plugin 'INNODB_CMPMEM'
2022-01-07T23:49:43.496837Z 0 [Note] Shutting down plugin 'INNODB_CMP_RESET'
2022-01-07T23:49:43.503486Z 0 [Note] Shutting down plugin 'INNODB_CMP'
2022-01-07T23:49:43.510540Z 0 [Note] Shutting down plugin 'INNODB_LOCK_WAITS'
2022-01-07T23:49:43.515891Z 0 [Note] Shutting down plugin 'INNODB_LOCKS'
2022-01-07T23:49:43.521385Z 0 [Note] Shutting down plugin 'INNODB_TRX'
2022-01-07T23:49:43.528619Z 0 [Note] Shutting down plugin 'InnoDB'
2022-01-07T23:49:43.535300Z 0 [Note] InnoDB: FTS optimize thread exiting.
2022-01-07T23:49:43.542994Z 0 [Note] InnoDB: Starting shutdown...
2022-01-07T23:49:43.658258Z 0 [Note] InnoDB: Dumping buffer pool(s) to C:\MAMP\db\mysql\ib_buffer_pool
2022-01-07T23:49:43.681451Z 0 [Note] InnoDB: Buffer pool(s) dump completed at 220107 18:49:43
2022-01-07T23:49:44.460884Z 0 [Note] InnoDB: Shutdown completed; log sequence number 2608542
2022-01-07T23:49:44.468720Z 0 [Note] InnoDB: Removed temporary tablespace data file: "ibtmp1"
2022-01-07T23:49:44.474413Z 0 [Note] Shutting down plugin 'MEMORY'
2022-01-07T23:49:44.478422Z 0 [Note] Shutting down plugin 'CSV'
2022-01-07T23:49:44.483847Z 0 [Note] Shutting down plugin 'sha256_password'
2022-01-07T23:49:44.488770Z 0 [Note] Shutting down plugin 'mysql_native_password'
2022-01-07T23:49:44.494865Z 0 [Note] Shutting down plugin 'binlog'
2022-01-07T23:49:44.505375Z 0 [Note] C:\MAMP\\bin\mysql\bin\mysqld.exe: Shutdown complete

2022-01-07T23:49:55.604831Z 0 [Warning] TIMESTAMP with implicit DEFAULT value is deprecated. Please use --explicit_defaults_for_timestamp server option (see documentation for more details).
2022-01-07T23:49:55.604973Z 0 [Note] --secure-file-priv is set to NULL. Operations related to importing and exporting data are disabled
2022-01-07T23:49:55.606594Z 0 [ERROR] Cannot open Windows EventLog; check privileges, or start server with --log_syslog=0
2022-01-07T23:49:55.606639Z 0 [Note] C:\MAMP\\bin\mysql\bin\mysqld.exe (mysqld 5.7.24) starting as process 22844 ...
2022-01-07T23:49:55.639842Z 0 [Warning] You need to use --log-bin to make --binlog-format work.
2022-01-07T23:49:55.647460Z 0 [Note] InnoDB: Mutexes and rw_locks use Windows interlocked functions
2022-01-07T23:49:55.650910Z 0 [Note] InnoDB: Uses event mutexes
2022-01-07T23:49:55.653359Z 0 [Note] InnoDB: Memory barrier is not used
2022-01-07T23:49:55.656770Z 0 [Note] InnoDB: Compressed tables use zlib 1.2.11
2022-01-07T23:49:55.660249Z 0 [Note] InnoDB: Number of pools: 1
2022-01-07T23:49:55.662719Z 0 [Note] InnoDB: Not using CPU crc32 instructions
2022-01-07T23:49:55.672299Z 0 [Note] InnoDB: Initializing buffer pool, total size = 128M, instances = 1, chunk size = 128M
2022-01-07T23:49:55.688202Z 0 [Note] InnoDB: Completed initialization of buffer pool
2022-01-07T23:49:55.744775Z 0 [Note] InnoDB: Highest supported file format is Barracuda.
2022-01-07T23:49:55.873941Z 0 [Note] InnoDB: Creating shared tablespace for temporary tables
2022-01-07T23:49:55.877016Z 0 [Note] InnoDB: Setting file '.\ibtmp1' size to 12 MB. Physically writing the file full; Please wait ...
2022-01-07T23:49:55.899868Z 0 [Note] InnoDB: File '.\ibtmp1' size is now 12 MB.
2022-01-07T23:49:55.905381Z 0 [Note] InnoDB: 96 redo rollback segment(s) found. 96 redo rollback segment(s) are active.
2022-01-07T23:49:55.908222Z 0 [Note] InnoDB: 32 non-redo rollback segment(s) are active.
2022-01-07T23:49:55.911358Z 0 [Note] InnoDB: Waiting for purge to start
2022-01-07T23:49:55.975307Z 0 [Note] InnoDB: 5.7.24 started; log sequence number 2608542
2022-01-07T23:49:55.986773Z 0 [Note] InnoDB: Loading buffer pool(s) from C:\MAMP\db\mysql\ib_buffer_pool
2022-01-07T23:49:55.987279Z 0 [Note] Plugin 'FEDERATED' is disabled.
2022-01-07T23:49:56.038149Z 0 [Warning] InnoDB: Table mysql/innodb_table_stats has length mismatch in the column name table_name.  Please run mysql_upgrade
2022-01-07T23:49:56.057307Z 0 [Warning] InnoDB: Table mysql/innodb_index_stats has length mismatch in the column name table_name.  Please run mysql_upgrade
2022-01-07T23:49:56.111265Z 0 [Warning] Failed to set up SSL because of the following SSL library error: SSL context is not usable without certificate and private key
2022-01-07T23:49:56.122572Z 0 [Note] Server hostname (bind-address): '*'; port: 3306
2022-01-07T23:49:56.132141Z 0 [Note] IPv6 is available.
2022-01-07T23:49:56.136147Z 0 [Note]   - '::' resolves to '::';
2022-01-07T23:49:56.140475Z 0 [Note] Server socket created on IP: '::'.
2022-01-07T23:49:56.154471Z 0 [Note] InnoDB: Buffer pool(s) load completed at 220107 18:49:56
2022-01-07T23:49:56.360891Z 0 [Note] Failed to start slave threads for channel ''
2022-01-07T23:49:56.724662Z 0 [Note] Event Scheduler: Loaded 0 events
2022-01-07T23:49:56.730510Z 0 [Note] C:\MAMP\\bin\mysql\bin\mysqld.exe: ready for connections.
Version: '5.7.24'  socket: ''  port: 3306  MySQL Community Server (GPL)
2022-01-07T23:49:56.765972Z 3 [Note] Got an error reading communication packets
2022-01-07T23:49:56.766470Z 2 [Note] Got an error reading communication packets
2022-01-07T23:55:08.248276Z 14 [Warning] InnoDB: Table mysql/innodb_table_stats has length mismatch in the column name table_name.  Please run mysql_upgrade
2022-01-07T23:55:08.261572Z 14 [Warning] InnoDB: Table mysql/innodb_index_stats has length mismatch in the column name table_name.  Please run mysql_upgrade
2022-01-07T23:59:21.407912Z 16 [Note] Got an error reading communication packets
2022-01-07T23:59:21.741378Z 0 [Note] C:\MAMP\\bin\mysql\bin\mysqld.exe: Normal shutdown

2022-01-07T23:59:21.748791Z 0 [Note] Giving 1 client threads a chance to die gracefully
2022-01-07T23:59:21.750650Z 18 [Note] Got an error reading communication packets
2022-01-07T23:59:21.758949Z 0 [Note] Shutting down slave threads
2022-01-07T23:59:21.773958Z 0 [Note] Forcefully disconnecting 0 remaining clients
2022-01-07T23:59:21.779674Z 0 [Note] Event Scheduler: Purging the queue. 0 events
2022-01-07T23:59:21.786703Z 0 [Note] Binlog end
2022-01-07T23:59:21.793633Z 0 [Note] Shutting down plugin 'ngram'
2022-01-07T23:59:21.797802Z 0 [Note] Shutting down plugin 'partition'
2022-01-07T23:59:21.802403Z 0 [Note] Shutting down plugin 'BLACKHOLE'
2022-01-07T23:59:21.806858Z 0 [Note] Shutting down plugin 'ARCHIVE'
2022-01-07T23:59:21.810967Z 0 [Note] Shutting down plugin 'PERFORMANCE_SCHEMA'
2022-01-07T23:59:21.816531Z 0 [Note] Shutting down plugin 'MRG_MYISAM'
2022-01-07T23:59:21.821409Z 0 [Note] Shutting down plugin 'MyISAM'
2022-01-07T23:59:21.825456Z 0 [Note] Shutting down plugin 'INNODB_SYS_VIRTUAL'
2022-01-07T23:59:21.830205Z 0 [Note] Shutting down plugin 'INNODB_SYS_DATAFILES'
2022-01-07T23:59:21.835933Z 0 [Note] Shutting down plugin 'INNODB_SYS_TABLESPACES'
2022-01-07T23:59:21.840769Z 0 [Note] Shutting down plugin 'INNODB_SYS_FOREIGN_COLS'
2022-01-07T23:59:21.845916Z 0 [Note] Shutting down plugin 'INNODB_SYS_FOREIGN'
2022-01-07T23:59:21.851033Z 0 [Note] Shutting down plugin 'INNODB_SYS_FIELDS'
2022-01-07T23:59:21.856006Z 0 [Note] Shutting down plugin 'INNODB_SYS_COLUMNS'
2022-01-07T23:59:21.860747Z 0 [Note] Shutting down plugin 'INNODB_SYS_INDEXES'
2022-01-07T23:59:21.866246Z 0 [Note] Shutting down plugin 'INNODB_SYS_TABLESTATS'
2022-01-07T23:59:21.871332Z 0 [Note] Shutting down plugin 'INNODB_SYS_TABLES'
2022-01-07T23:59:21.876465Z 0 [Note] Shutting down plugin 'INNODB_FT_INDEX_TABLE'
2022-01-07T23:59:21.881891Z 0 [Note] Shutting down plugin 'INNODB_FT_INDEX_CACHE'
2022-01-07T23:59:21.886709Z 0 [Note] Shutting down plugin 'INNODB_FT_CONFIG'
2022-01-07T23:59:21.891173Z 0 [Note] Shutting down plugin 'INNODB_FT_BEING_DELETED'
2022-01-07T23:59:21.896950Z 0 [Note] Shutting down plugin 'INNODB_FT_DELETED'
2022-01-07T23:59:21.901444Z 0 [Note] Shutting down plugin 'INNODB_FT_DEFAULT_STOPWORD'
2022-01-07T23:59:21.906713Z 0 [Note] Shutting down plugin 'INNODB_METRICS'
2022-01-07T23:59:21.911704Z 0 [Note] Shutting down plugin 'INNODB_TEMP_TABLE_INFO'
2022-01-07T23:59:21.917534Z 0 [Note] Shutting down plugin 'INNODB_BUFFER_POOL_STATS'
2022-01-07T23:59:21.922694Z 0 [Note] Shutting down plugin 'INNODB_BUFFER_PAGE_LRU'
2022-01-07T23:59:21.928742Z 0 [Note] Shutting down plugin 'INNODB_BUFFER_PAGE'
2022-01-07T23:59:21.933550Z 0 [Note] Shutting down plugin 'INNODB_CMP_PER_INDEX_RESET'
2022-01-07T23:59:21.938868Z 0 [Note] Shutting down plugin 'INNODB_CMP_PER_INDEX'
2022-01-07T23:59:21.944282Z 0 [Note] Shutting down plugin 'INNODB_CMPMEM_RESET'
2022-01-07T23:59:21.949233Z 0 [Note] Shutting down plugin 'INNODB_CMPMEM'
2022-01-07T23:59:21.953712Z 0 [Note] Shutting down plugin 'INNODB_CMP_RESET'
2022-01-07T23:59:21.958470Z 0 [Note] Shutting down plugin 'INNODB_CMP'
2022-01-07T23:59:21.962705Z 0 [Note] Shutting down plugin 'INNODB_LOCK_WAITS'
2022-01-07T23:59:21.967507Z 0 [Note] Shutting down plugin 'INNODB_LOCKS'
2022-01-07T23:59:21.972089Z 0 [Note] Shutting down plugin 'INNODB_TRX'
2022-01-07T23:59:21.976283Z 0 [Note] Shutting down plugin 'InnoDB'
2022-01-07T23:59:21.980477Z 0 [Note] InnoDB: FTS optimize thread exiting.
2022-01-07T23:59:21.985364Z 0 [Note] InnoDB: Starting shutdown...
2022-01-07T23:59:22.097644Z 0 [Note] InnoDB: Dumping buffer pool(s) to C:\MAMP\db\mysql\ib_buffer_pool
2022-01-07T23:59:22.114493Z 0 [Note] InnoDB: Buffer pool(s) dump completed at 220107 18:59:22
2022-01-07T23:59:23.127458Z 0 [Note] InnoDB: Shutdown completed; log sequence number 2608570
2022-01-07T23:59:23.139164Z 0 [Note] InnoDB: Removed temporary tablespace data file: "ibtmp1"
2022-01-07T23:59:23.147932Z 0 [Note] Shutting down plugin 'MEMORY'
2022-01-07T23:59:23.152863Z 0 [Note] Shutting down plugin 'CSV'
2022-01-07T23:59:23.157094Z 0 [Note] Shutting down plugin 'sha256_password'
2022-01-07T23:59:23.161618Z 0 [Note] Shutting down plugin 'mysql_native_password'
2022-01-07T23:59:23.169950Z 0 [Note] Shutting down plugin 'binlog'
2022-01-07T23:59:23.181354Z 0 [Note] C:\MAMP\\bin\mysql\bin\mysqld.exe: Shutdown complete

